<?xml version="1.0" encoding="UTF-8"?>
<testsuite name="com.example.gradletext.GradletextApplicationTests" tests="1" skipped="0" failures="0" errors="0" timestamp="2019-09-10T13:17:35" hostname="DESKTOP-HJ3C369" time="0.056">
  <properties/>
  <testcase name="contextLoads" classname="com.example.gradletext.GradletextApplicationTests" time="0.056"/>
  <system-out><![CDATA[21:17:15.747 [Test worker] DEBUG org.springframework.test.context.junit4.SpringJUnit4ClassRunner - SpringJUnit4ClassRunner constructor called with [class com.example.gradletext.GradletextApplicationTests]
21:17:15.753 [Test worker] DEBUG org.springframework.test.context.BootstrapUtils - Instantiating CacheAwareContextLoaderDelegate from class [org.springframework.test.context.cache.DefaultCacheAwareContextLoaderDelegate]
21:17:15.761 [Test worker] DEBUG org.springframework.test.context.BootstrapUtils - Instantiating BootstrapContext using constructor [public org.springframework.test.context.support.DefaultBootstrapContext(java.lang.Class,org.springframework.test.context.CacheAwareContextLoaderDelegate)]
21:17:15.784 [Test worker] DEBUG org.springframework.test.context.BootstrapUtils - Instantiating TestContextBootstrapper for test class [com.example.gradletext.GradletextApplicationTests] from class [org.springframework.boot.test.context.SpringBootTestContextBootstrapper]
21:17:15.795 [Test worker] INFO org.springframework.boot.test.context.SpringBootTestContextBootstrapper - Neither @ContextConfiguration nor @ContextHierarchy found for test class [com.example.gradletext.GradletextApplicationTests], using SpringBootContextLoader
21:17:15.798 [Test worker] DEBUG org.springframework.test.context.support.AbstractContextLoader - Did not detect default resource location for test class [com.example.gradletext.GradletextApplicationTests]: class path resource [com/example/gradletext/GradletextApplicationTests-context.xml] does not exist
21:17:15.798 [Test worker] DEBUG org.springframework.test.context.support.AbstractContextLoader - Did not detect default resource location for test class [com.example.gradletext.GradletextApplicationTests]: class path resource [com/example/gradletext/GradletextApplicationTestsContext.groovy] does not exist
21:17:15.799 [Test worker] INFO org.springframework.test.context.support.AbstractContextLoader - Could not detect default resource locations for test class [com.example.gradletext.GradletextApplicationTests]: no resource found for suffixes {-context.xml, Context.groovy}.
21:17:15.799 [Test worker] INFO org.springframework.test.context.support.AnnotationConfigContextLoaderUtils - Could not detect default configuration classes for test class [com.example.gradletext.GradletextApplicationTests]: GradletextApplicationTests does not declare any static, non-private, non-final, nested classes annotated with @Configuration.
21:17:15.834 [Test worker] DEBUG org.springframework.test.context.support.ActiveProfilesUtils - Could not find an 'annotation declaring class' for annotation type [org.springframework.test.context.ActiveProfiles] and class [com.example.gradletext.GradletextApplicationTests]
21:17:15.888 [Test worker] DEBUG org.springframework.context.annotation.ClassPathScanningCandidateComponentProvider - Identified candidate component class: file [D:\workpace\blog\build\classes\java\main\com\example\gradletext\Application.class]
21:17:15.889 [Test worker] INFO org.springframework.boot.test.context.SpringBootTestContextBootstrapper - Found @SpringBootConfiguration com.example.gradletext.Application for test class com.example.gradletext.GradletextApplicationTests
21:17:15.985 [Test worker] DEBUG org.springframework.boot.test.context.SpringBootTestContextBootstrapper - @TestExecutionListeners is not present for class [com.example.gradletext.GradletextApplicationTests]: using defaults.
21:17:15.985 [Test worker] INFO org.springframework.boot.test.context.SpringBootTestContextBootstrapper - Loaded default TestExecutionListener class names from location [META-INF/spring.factories]: [org.springframework.boot.test.autoconfigure.restdocs.RestDocsTestExecutionListener, org.springframework.boot.test.autoconfigure.web.client.MockRestServiceServerResetTestExecutionListener, org.springframework.boot.test.autoconfigure.web.servlet.MockMvcPrintOnlyOnFailureTestExecutionListener, org.springframework.boot.test.autoconfigure.web.servlet.WebDriverTestExecutionListener, org.springframework.boot.test.mock.mockito.MockitoTestExecutionListener, org.springframework.boot.test.mock.mockito.ResetMocksTestExecutionListener, org.springframework.test.context.web.ServletTestExecutionListener, org.springframework.test.context.support.DirtiesContextBeforeModesTestExecutionListener, org.springframework.test.context.support.DependencyInjectionTestExecutionListener, org.springframework.test.context.support.DirtiesContextTestExecutionListener, org.springframework.test.context.transaction.TransactionalTestExecutionListener, org.springframework.test.context.jdbc.SqlScriptsTestExecutionListener]
21:17:16.000 [Test worker] INFO org.springframework.boot.test.context.SpringBootTestContextBootstrapper - Using TestExecutionListeners: [org.springframework.test.context.web.ServletTestExecutionListener@5564010f, org.springframework.test.context.support.DirtiesContextBeforeModesTestExecutionListener@114ebb48, org.springframework.boot.test.mock.mockito.MockitoTestExecutionListener@41319a2c, org.springframework.boot.test.autoconfigure.SpringBootDependencyInjectionTestExecutionListener@40abb2eb, org.springframework.test.context.support.DirtiesContextTestExecutionListener@35b2bf88, org.springframework.test.context.transaction.TransactionalTestExecutionListener@5142c68d, org.springframework.test.context.jdbc.SqlScriptsTestExecutionListener@1cefc673, org.springframework.boot.test.autoconfigure.restdocs.RestDocsTestExecutionListener@14e03ef, org.springframework.boot.test.autoconfigure.web.client.MockRestServiceServerResetTestExecutionListener@2120b2b1, org.springframework.boot.test.autoconfigure.web.servlet.MockMvcPrintOnlyOnFailureTestExecutionListener@66916eb6, org.springframework.boot.test.autoconfigure.web.servlet.WebDriverTestExecutionListener@4aff049, org.springframework.boot.test.mock.mockito.ResetMocksTestExecutionListener@758fda48]
21:17:16.002 [Test worker] DEBUG org.springframework.test.annotation.ProfileValueUtils - Retrieved @ProfileValueSourceConfiguration [null] for test class [com.example.gradletext.GradletextApplicationTests]
21:17:16.003 [Test worker] DEBUG org.springframework.test.annotation.ProfileValueUtils - Retrieved ProfileValueSource type [class org.springframework.test.annotation.SystemProfileValueSource] for class [com.example.gradletext.GradletextApplicationTests]
21:17:16.003 [Test worker] DEBUG org.springframework.test.annotation.ProfileValueUtils - Retrieved @ProfileValueSourceConfiguration [null] for test class [com.example.gradletext.GradletextApplicationTests]
21:17:16.003 [Test worker] DEBUG org.springframework.test.annotation.ProfileValueUtils - Retrieved ProfileValueSource type [class org.springframework.test.annotation.SystemProfileValueSource] for class [com.example.gradletext.GradletextApplicationTests]
21:17:16.007 [Test worker] DEBUG org.springframework.test.context.support.AbstractDirtiesContextTestExecutionListener - Before test class: context [DefaultTestContext@1b741746 testClass = GradletextApplicationTests, testInstance = [null], testMethod = [null], testException = [null], mergedContextConfiguration = [WebMergedContextConfiguration@3ac65520 testClass = GradletextApplicationTests, locations = '{}', classes = '{class com.example.gradletext.Application}', contextInitializerClasses = '[]', activeProfiles = '{}', propertySourceLocations = '{}', propertySourceProperties = '{org.springframework.boot.test.context.SpringBootTestContextBootstrapper=true}', contextCustomizers = set[org.springframework.boot.test.autoconfigure.properties.PropertyMappingContextCustomizer@0, org.springframework.boot.test.autoconfigure.web.servlet.WebDriverContextCustomizerFactory$Customizer@406b4923, org.springframework.boot.test.context.filter.ExcludeFilterContextCustomizer@72984b47, org.springframework.boot.test.json.DuplicateJsonObjectContextCustomizerFactory$DuplicateJsonObjectContextCustomizer@7d39eedc, org.springframework.boot.test.mock.mockito.MockitoContextCustomizer@0, org.springframework.boot.test.web.client.TestRestTemplateContextCustomizer@3084c872], resourceBasePath = 'src/main/webapp', contextLoader = 'org.springframework.boot.test.context.SpringBootContextLoader', parent = [null]], attributes = map['org.springframework.test.context.web.ServletTestExecutionListener.activateListener' -> true]], class annotated with @DirtiesContext [false] with mode [null].
21:17:16.007 [Test worker] DEBUG org.springframework.test.annotation.ProfileValueUtils - Retrieved @ProfileValueSourceConfiguration [null] for test class [com.example.gradletext.GradletextApplicationTests]
21:17:16.007 [Test worker] DEBUG org.springframework.test.annotation.ProfileValueUtils - Retrieved ProfileValueSource type [class org.springframework.test.annotation.SystemProfileValueSource] for class [com.example.gradletext.GradletextApplicationTests]
21:17:16.028 [Test worker] DEBUG org.springframework.test.context.support.TestPropertySourceUtils - Adding inlined properties to environment: {spring.jmx.enabled=false, org.springframework.boot.test.context.SpringBootTestContextBootstrapper=true, server.port=-1}

  .   ____          _            __ _ _
 /\\ / ___'_ __ _ _(_)_ __  __ _ \ \ \ \
( ( )\___ | '_ | '_| | '_ \/ _` | \ \ \ \
 \\/  ___)| |_)| | | | | || (_| |  ) ) ) )
  '  |____| .__|_| |_|_| |_\__, | / / / /
 =========|_|==============|___/=/_/_/_/
 :: Spring Boot ::        (v2.1.4.RELEASE)

2019-09-10 21:17:16.241  INFO 15184 --- [    Test worker] c.e.g.GradletextApplicationTests         : Starting GradletextApplicationTests on DESKTOP-HJ3C369 with PID 15184 (started by 86187 in D:\workpace\blog)
2019-09-10 21:17:16.242  INFO 15184 --- [    Test worker] c.e.g.GradletextApplicationTests         : No active profile set, falling back to default profiles: default
2019-09-10 21:17:16.995  INFO 15184 --- [    Test worker] .s.d.r.c.RepositoryConfigurationDelegate : Multiple Spring Data modules found, entering strict repository configuration mode!
2019-09-10 21:17:16.997  INFO 15184 --- [    Test worker] .s.d.r.c.RepositoryConfigurationDelegate : Bootstrapping Spring Data repositories in DEFAULT mode.
2019-09-10 21:17:17.041  INFO 15184 --- [    Test worker] .RepositoryConfigurationExtensionSupport : Spring Data Elasticsearch - Could not safely identify store assignment for repository candidate interface com.example.gradletext.repository.AuthorityRepository.
2019-09-10 21:17:17.043  INFO 15184 --- [    Test worker] .RepositoryConfigurationExtensionSupport : Spring Data Elasticsearch - Could not safely identify store assignment for repository candidate interface com.example.gradletext.repository.BlogRepository.
2019-09-10 21:17:17.045  INFO 15184 --- [    Test worker] .RepositoryConfigurationExtensionSupport : Spring Data Elasticsearch - Could not safely identify store assignment for repository candidate interface com.example.gradletext.repository.CataLogRepository.
2019-09-10 21:17:17.048  INFO 15184 --- [    Test worker] .RepositoryConfigurationExtensionSupport : Spring Data Elasticsearch - Could not safely identify store assignment for repository candidate interface com.example.gradletext.repository.CommentRepository.
2019-09-10 21:17:17.050  INFO 15184 --- [    Test worker] .RepositoryConfigurationExtensionSupport : Spring Data Elasticsearch - Could not safely identify store assignment for repository candidate interface com.example.gradletext.repository.UserRepository.
2019-09-10 21:17:17.052  INFO 15184 --- [    Test worker] .RepositoryConfigurationExtensionSupport : Spring Data Elasticsearch - Could not safely identify store assignment for repository candidate interface com.example.gradletext.repository.VoteRepository.
2019-09-10 21:17:17.085  INFO 15184 --- [    Test worker] .s.d.r.c.RepositoryConfigurationDelegate : Finished Spring Data repository scanning in 82ms. Found 1 repository interfaces.
2019-09-10 21:17:17.092  INFO 15184 --- [    Test worker] .s.d.r.c.RepositoryConfigurationDelegate : Multiple Spring Data modules found, entering strict repository configuration mode!
2019-09-10 21:17:17.093  INFO 15184 --- [    Test worker] .s.d.r.c.RepositoryConfigurationDelegate : Bootstrapping Spring Data repositories in DEFAULT mode.
2019-09-10 21:17:17.118  INFO 15184 --- [    Test worker] .RepositoryConfigurationExtensionSupport : Spring Data JPA - Could not safely identify store assignment for repository candidate interface com.example.gradletext.repository.es.EsBlogRepository.
2019-09-10 21:17:17.125  INFO 15184 --- [    Test worker] .s.d.r.c.RepositoryConfigurationDelegate : Finished Spring Data repository scanning in 28ms. Found 6 repository interfaces.
2019-09-10 21:17:17.567  INFO 15184 --- [    Test worker] trationDelegate$BeanPostProcessorChecker : Bean 'org.springframework.transaction.annotation.ProxyTransactionManagementConfiguration' of type [org.springframework.transaction.annotation.ProxyTransactionManagementConfiguration$$EnhancerBySpringCGLIB$$503aa04] is not eligible for getting processed by all BeanPostProcessors (for example: not eligible for auto-proxying)
2019-09-10 21:17:17.612  INFO 15184 --- [    Test worker] trationDelegate$BeanPostProcessorChecker : Bean 'org.springframework.security.config.annotation.configuration.ObjectPostProcessorConfiguration' of type [org.springframework.security.config.annotation.configuration.ObjectPostProcessorConfiguration$$EnhancerBySpringCGLIB$$9db1723e] is not eligible for getting processed by all BeanPostProcessors (for example: not eligible for auto-proxying)
2019-09-10 21:17:17.621  INFO 15184 --- [    Test worker] trationDelegate$BeanPostProcessorChecker : Bean 'objectPostProcessor' of type [org.springframework.security.config.annotation.configuration.AutowireBeanFactoryObjectPostProcessor] is not eligible for getting processed by all BeanPostProcessors (for example: not eligible for auto-proxying)
2019-09-10 21:17:17.623  INFO 15184 --- [    Test worker] trationDelegate$BeanPostProcessorChecker : Bean 'org.springframework.security.access.expression.method.DefaultMethodSecurityExpressionHandler@705b6234' of type [org.springframework.security.access.expression.method.DefaultMethodSecurityExpressionHandler] is not eligible for getting processed by all BeanPostProcessors (for example: not eligible for auto-proxying)
2019-09-10 21:17:17.629  INFO 15184 --- [    Test worker] trationDelegate$BeanPostProcessorChecker : Bean 'org.springframework.security.config.annotation.method.configuration.GlobalMethodSecurityConfiguration' of type [org.springframework.security.config.annotation.method.configuration.GlobalMethodSecurityConfiguration$$EnhancerBySpringCGLIB$$c28614f0] is not eligible for getting processed by all BeanPostProcessors (for example: not eligible for auto-proxying)
2019-09-10 21:17:17.635  INFO 15184 --- [    Test worker] trationDelegate$BeanPostProcessorChecker : Bean 'methodSecurityMetadataSource' of type [org.springframework.security.access.method.DelegatingMethodSecurityMetadataSource] is not eligible for getting processed by all BeanPostProcessors (for example: not eligible for auto-proxying)
2019-09-10 21:17:17.912  INFO 15184 --- [    Test worker] com.zaxxer.hikari.HikariDataSource       : HikariPool-1 - Starting...
2019-09-10 21:17:19.366  INFO 15184 --- [    Test worker] com.zaxxer.hikari.HikariDataSource       : HikariPool-1 - Start completed.
2019-09-10 21:17:19.430  INFO 15184 --- [    Test worker] o.hibernate.jpa.internal.util.LogHelper  : HHH000204: Processing PersistenceUnitInfo [
	name: default
	...]
2019-09-10 21:17:19.498  INFO 15184 --- [    Test worker] org.hibernate.Version                    : HHH000412: Hibernate Core {5.3.9.Final}
2019-09-10 21:17:19.500  INFO 15184 --- [    Test worker] org.hibernate.cfg.Environment            : HHH000206: hibernate.properties not found
2019-09-10 21:17:19.645  INFO 15184 --- [    Test worker] o.hibernate.annotations.common.Version   : HCANN000001: Hibernate Commons Annotations {5.0.4.Final}
2019-09-10 21:17:19.778  INFO 15184 --- [    Test worker] org.hibernate.dialect.Dialect            : HHH000400: Using dialect: org.hibernate.dialect.MySQL5Dialect
Hibernate: alter table blog add constraint FKefps36p8dyf3t7yjmic1v0jcs foreign key (catalog_id) references catalog (id)
Hibernate: alter table blog add constraint FKpxk2jtysqn41oop7lvxcp6dqq foreign key (user_id) references user (id)
Hibernate: alter table blog_comment add constraint FKc4ysudanwhfrrhytio0272sx9 foreign key (comment_id) references comment (id)
Hibernate: alter table blog_comment add constraint FKb9cpog8ie2cyapsyyt7gikpbl foreign key (blog_id) references blog (id)
Hibernate: alter table blog_vote add constraint FK4bkj28o189fk8jic0snsjfj2h foreign key (vote_id) references vote (id)
Hibernate: alter table blog_vote add constraint FKaar8kqti49vaol2nw9e42lgxc foreign key (blog_id) references blog (id)
Hibernate: alter table catalog add constraint FKk3mprwb52pe5lfv3l2xpmwj8s foreign key (user_id) references user (id)
Hibernate: alter table comment add constraint FK8kcum44fvpupyw6f5baccx25c foreign key (user_id) references user (id)
Hibernate: alter table user_authority add constraint FKgvxjs381k6f48d5d2yi11uh89 foreign key (authority_id) references authority (id)
Hibernate: alter table user_authority add constraint FKpqlsjpkybgos9w2svcri7j8xy foreign key (user_id) references user (id)
Hibernate: alter table vote add constraint FKcsaksoe2iepaj8birrmithwve foreign key (user_id) references user (id)
2019-09-10 21:17:29.975  INFO 15184 --- [    Test worker] j.LocalContainerEntityManagerFactoryBean : Initialized JPA EntityManagerFactory for persistence unit 'default'
2019-09-10 21:17:31.095  INFO 15184 --- [    Test worker] o.elasticsearch.plugins.PluginsService   : no modules loaded
2019-09-10 21:17:31.096  INFO 15184 --- [    Test worker] o.elasticsearch.plugins.PluginsService   : loaded plugin [org.elasticsearch.index.reindex.ReindexPlugin]
2019-09-10 21:17:31.096  INFO 15184 --- [    Test worker] o.elasticsearch.plugins.PluginsService   : loaded plugin [org.elasticsearch.join.ParentJoinPlugin]
2019-09-10 21:17:31.096  INFO 15184 --- [    Test worker] o.elasticsearch.plugins.PluginsService   : loaded plugin [org.elasticsearch.percolator.PercolatorPlugin]
2019-09-10 21:17:31.096  INFO 15184 --- [    Test worker] o.elasticsearch.plugins.PluginsService   : loaded plugin [org.elasticsearch.script.mustache.MustachePlugin]
2019-09-10 21:17:31.096  INFO 15184 --- [    Test worker] o.elasticsearch.plugins.PluginsService   : loaded plugin [org.elasticsearch.transport.Netty4Plugin]
2019-09-10 21:17:32.266  INFO 15184 --- [    Test worker] o.s.d.e.c.TransportClientFactoryBean     : Adding transport node : 106.12.114.193:9300
2019-09-10 21:17:33.463 ERROR 15184 --- [    Test worker] .d.e.r.s.AbstractElasticsearchRepository : failed to load elasticsearch nodes : org.elasticsearch.index.mapper.MapperParsingException: No type specified for field [blogId]
2019-09-10 21:17:33.984  INFO 15184 --- [    Test worker] o.s.s.web.DefaultSecurityFilterChain     : Creating filter chain: any request, [org.springframework.security.web.context.request.async.WebAsyncManagerIntegrationFilter@25f3682b, org.springframework.security.web.context.SecurityContextPersistenceFilter@e6306a8, org.springframework.security.web.header.HeaderWriterFilter@785e0fd4, org.springframework.security.web.csrf.CsrfFilter@4666d594, org.springframework.security.web.authentication.logout.LogoutFilter@2a613d63, org.springframework.security.web.authentication.UsernamePasswordAuthenticationFilter@672f5577, org.springframework.security.web.savedrequest.RequestCacheAwareFilter@7cf46c47, org.springframework.security.web.servletapi.SecurityContextHolderAwareRequestFilter@5cb70a4, org.springframework.security.web.authentication.rememberme.RememberMeAuthenticationFilter@7e9d3bc5, org.springframework.security.web.authentication.AnonymousAuthenticationFilter@33b58b7f, org.springframework.security.web.session.SessionManagementFilter@165a7975, org.springframework.security.web.access.ExceptionTranslationFilter@48ed008, org.springframework.security.web.access.intercept.FilterSecurityInterceptor@63c8ecc8]
2019-09-10 21:17:34.664  INFO 15184 --- [    Test worker] o.s.s.concurrent.ThreadPoolTaskExecutor  : Initializing ExecutorService 'applicationTaskExecutor'
2019-09-10 21:17:34.730  WARN 15184 --- [    Test worker] aWebConfiguration$JpaWebMvcConfiguration : spring.jpa.open-in-view is enabled by default. Therefore, database queries may be performed during view rendering. Explicitly configure spring.jpa.open-in-view to disable this warning
2019-09-10 21:17:34.914  WARN 15184 --- [    Test worker] org.thymeleaf.templatemode.TemplateMode  : [THYMELEAF][Test worker] Template Mode 'LEGACYHTML5' is deprecated. Using Template Mode 'HTML' instead.
2019-09-10 21:17:35.013  INFO 15184 --- [    Test worker] o.s.b.a.w.s.WelcomePageHandlerMapping    : Adding welcome page template: index
2019-09-10 21:17:35.542  INFO 15184 --- [    Test worker] c.e.g.GradletextApplicationTests         : Started GradletextApplicationTests in 19.505 seconds (JVM running for 22.157)
]]></system-out>
  <system-err><![CDATA[]]></system-err>
</testsuite>
