<?xml version="1.0" encoding="UTF-8"?>
<testsuite name="com.example.gradletext.GradletextApplicationTests" tests="1" skipped="0" failures="0" errors="0" timestamp="2019-09-06T15:43:15" hostname="DESKTOP-HJ3C369" time="0.051">
  <properties/>
  <testcase name="contextLoads" classname="com.example.gradletext.GradletextApplicationTests" time="0.051"/>
  <system-out><![CDATA[23:42:57.238 [Test worker] DEBUG org.springframework.test.context.junit4.SpringJUnit4ClassRunner - SpringJUnit4ClassRunner constructor called with [class com.example.gradletext.GradletextApplicationTests]
23:42:57.245 [Test worker] DEBUG org.springframework.test.context.BootstrapUtils - Instantiating CacheAwareContextLoaderDelegate from class [org.springframework.test.context.cache.DefaultCacheAwareContextLoaderDelegate]
23:42:57.254 [Test worker] DEBUG org.springframework.test.context.BootstrapUtils - Instantiating BootstrapContext using constructor [public org.springframework.test.context.support.DefaultBootstrapContext(java.lang.Class,org.springframework.test.context.CacheAwareContextLoaderDelegate)]
23:42:57.276 [Test worker] DEBUG org.springframework.test.context.BootstrapUtils - Instantiating TestContextBootstrapper for test class [com.example.gradletext.GradletextApplicationTests] from class [org.springframework.boot.test.context.SpringBootTestContextBootstrapper]
23:42:57.289 [Test worker] INFO org.springframework.boot.test.context.SpringBootTestContextBootstrapper - Neither @ContextConfiguration nor @ContextHierarchy found for test class [com.example.gradletext.GradletextApplicationTests], using SpringBootContextLoader
23:42:57.291 [Test worker] DEBUG org.springframework.test.context.support.AbstractContextLoader - Did not detect default resource location for test class [com.example.gradletext.GradletextApplicationTests]: class path resource [com/example/gradletext/GradletextApplicationTests-context.xml] does not exist
23:42:57.292 [Test worker] DEBUG org.springframework.test.context.support.AbstractContextLoader - Did not detect default resource location for test class [com.example.gradletext.GradletextApplicationTests]: class path resource [com/example/gradletext/GradletextApplicationTestsContext.groovy] does not exist
23:42:57.292 [Test worker] INFO org.springframework.test.context.support.AbstractContextLoader - Could not detect default resource locations for test class [com.example.gradletext.GradletextApplicationTests]: no resource found for suffixes {-context.xml, Context.groovy}.
23:42:57.293 [Test worker] INFO org.springframework.test.context.support.AnnotationConfigContextLoaderUtils - Could not detect default configuration classes for test class [com.example.gradletext.GradletextApplicationTests]: GradletextApplicationTests does not declare any static, non-private, non-final, nested classes annotated with @Configuration.
23:42:57.330 [Test worker] DEBUG org.springframework.test.context.support.ActiveProfilesUtils - Could not find an 'annotation declaring class' for annotation type [org.springframework.test.context.ActiveProfiles] and class [com.example.gradletext.GradletextApplicationTests]
23:42:57.387 [Test worker] DEBUG org.springframework.context.annotation.ClassPathScanningCandidateComponentProvider - Identified candidate component class: file [D:\workpace\blog\build\classes\java\main\com\example\gradletext\Application.class]
23:42:57.388 [Test worker] INFO org.springframework.boot.test.context.SpringBootTestContextBootstrapper - Found @SpringBootConfiguration com.example.gradletext.Application for test class com.example.gradletext.GradletextApplicationTests
23:42:57.490 [Test worker] DEBUG org.springframework.boot.test.context.SpringBootTestContextBootstrapper - @TestExecutionListeners is not present for class [com.example.gradletext.GradletextApplicationTests]: using defaults.
23:42:57.491 [Test worker] INFO org.springframework.boot.test.context.SpringBootTestContextBootstrapper - Loaded default TestExecutionListener class names from location [META-INF/spring.factories]: [org.springframework.boot.test.autoconfigure.restdocs.RestDocsTestExecutionListener, org.springframework.boot.test.autoconfigure.web.client.MockRestServiceServerResetTestExecutionListener, org.springframework.boot.test.autoconfigure.web.servlet.MockMvcPrintOnlyOnFailureTestExecutionListener, org.springframework.boot.test.autoconfigure.web.servlet.WebDriverTestExecutionListener, org.springframework.boot.test.mock.mockito.MockitoTestExecutionListener, org.springframework.boot.test.mock.mockito.ResetMocksTestExecutionListener, org.springframework.test.context.web.ServletTestExecutionListener, org.springframework.test.context.support.DirtiesContextBeforeModesTestExecutionListener, org.springframework.test.context.support.DependencyInjectionTestExecutionListener, org.springframework.test.context.support.DirtiesContextTestExecutionListener, org.springframework.test.context.transaction.TransactionalTestExecutionListener, org.springframework.test.context.jdbc.SqlScriptsTestExecutionListener]
23:42:57.509 [Test worker] INFO org.springframework.boot.test.context.SpringBootTestContextBootstrapper - Using TestExecutionListeners: [org.springframework.test.context.web.ServletTestExecutionListener@5d06f1cb, org.springframework.test.context.support.DirtiesContextBeforeModesTestExecutionListener@30d77318, org.springframework.boot.test.mock.mockito.MockitoTestExecutionListener@69e287c8, org.springframework.boot.test.autoconfigure.SpringBootDependencyInjectionTestExecutionListener@591e52a0, org.springframework.test.context.support.DirtiesContextTestExecutionListener@33fc78e1, org.springframework.test.context.transaction.TransactionalTestExecutionListener@38388235, org.springframework.test.context.jdbc.SqlScriptsTestExecutionListener@45198e3d, org.springframework.boot.test.autoconfigure.restdocs.RestDocsTestExecutionListener@6e395f6c, org.springframework.boot.test.autoconfigure.web.client.MockRestServiceServerResetTestExecutionListener@3ed2093a, org.springframework.boot.test.autoconfigure.web.servlet.MockMvcPrintOnlyOnFailureTestExecutionListener@42870dff, org.springframework.boot.test.autoconfigure.web.servlet.WebDriverTestExecutionListener@4b660bf4, org.springframework.boot.test.mock.mockito.ResetMocksTestExecutionListener@6f80efcb]
23:42:57.511 [Test worker] DEBUG org.springframework.test.annotation.ProfileValueUtils - Retrieved @ProfileValueSourceConfiguration [null] for test class [com.example.gradletext.GradletextApplicationTests]
23:42:57.512 [Test worker] DEBUG org.springframework.test.annotation.ProfileValueUtils - Retrieved ProfileValueSource type [class org.springframework.test.annotation.SystemProfileValueSource] for class [com.example.gradletext.GradletextApplicationTests]
23:42:57.513 [Test worker] DEBUG org.springframework.test.annotation.ProfileValueUtils - Retrieved @ProfileValueSourceConfiguration [null] for test class [com.example.gradletext.GradletextApplicationTests]
23:42:57.513 [Test worker] DEBUG org.springframework.test.annotation.ProfileValueUtils - Retrieved ProfileValueSource type [class org.springframework.test.annotation.SystemProfileValueSource] for class [com.example.gradletext.GradletextApplicationTests]
23:42:57.517 [Test worker] DEBUG org.springframework.test.context.support.AbstractDirtiesContextTestExecutionListener - Before test class: context [DefaultTestContext@37119fe3 testClass = GradletextApplicationTests, testInstance = [null], testMethod = [null], testException = [null], mergedContextConfiguration = [WebMergedContextConfiguration@6aca83d5 testClass = GradletextApplicationTests, locations = '{}', classes = '{class com.example.gradletext.Application}', contextInitializerClasses = '[]', activeProfiles = '{}', propertySourceLocations = '{}', propertySourceProperties = '{org.springframework.boot.test.context.SpringBootTestContextBootstrapper=true}', contextCustomizers = set[org.springframework.boot.test.autoconfigure.properties.PropertyMappingContextCustomizer@0, org.springframework.boot.test.autoconfigure.web.servlet.WebDriverContextCustomizerFactory$Customizer@2beaa693, org.springframework.boot.test.context.filter.ExcludeFilterContextCustomizer@7b102e72, org.springframework.boot.test.json.DuplicateJsonObjectContextCustomizerFactory$DuplicateJsonObjectContextCustomizer@3bec7194, org.springframework.boot.test.mock.mockito.MockitoContextCustomizer@0, org.springframework.boot.test.web.client.TestRestTemplateContextCustomizer@25240df1], resourceBasePath = 'src/main/webapp', contextLoader = 'org.springframework.boot.test.context.SpringBootContextLoader', parent = [null]], attributes = map['org.springframework.test.context.web.ServletTestExecutionListener.activateListener' -> true]], class annotated with @DirtiesContext [false] with mode [null].
23:42:57.517 [Test worker] DEBUG org.springframework.test.annotation.ProfileValueUtils - Retrieved @ProfileValueSourceConfiguration [null] for test class [com.example.gradletext.GradletextApplicationTests]
23:42:57.517 [Test worker] DEBUG org.springframework.test.annotation.ProfileValueUtils - Retrieved ProfileValueSource type [class org.springframework.test.annotation.SystemProfileValueSource] for class [com.example.gradletext.GradletextApplicationTests]
23:42:57.538 [Test worker] DEBUG org.springframework.test.context.support.TestPropertySourceUtils - Adding inlined properties to environment: {spring.jmx.enabled=false, org.springframework.boot.test.context.SpringBootTestContextBootstrapper=true, server.port=-1}

  .   ____          _            __ _ _
 /\\ / ___'_ __ _ _(_)_ __  __ _ \ \ \ \
( ( )\___ | '_ | '_| | '_ \/ _` | \ \ \ \
 \\/  ___)| |_)| | | | | || (_| |  ) ) ) )
  '  |____| .__|_| |_|_| |_\__, | / / / /
 =========|_|==============|___/=/_/_/_/
 :: Spring Boot ::        (v2.1.4.RELEASE)

2019-09-06 23:42:57.748  INFO 22112 --- [    Test worker] c.e.g.GradletextApplicationTests         : Starting GradletextApplicationTests on DESKTOP-HJ3C369 with PID 22112 (started by 86187 in D:\workpace\blog)
2019-09-06 23:42:57.749  INFO 22112 --- [    Test worker] c.e.g.GradletextApplicationTests         : No active profile set, falling back to default profiles: default
2019-09-06 23:42:58.521  INFO 22112 --- [    Test worker] .s.d.r.c.RepositoryConfigurationDelegate : Multiple Spring Data modules found, entering strict repository configuration mode!
2019-09-06 23:42:58.523  INFO 22112 --- [    Test worker] .s.d.r.c.RepositoryConfigurationDelegate : Bootstrapping Spring Data repositories in DEFAULT mode.
2019-09-06 23:42:58.577  INFO 22112 --- [    Test worker] .RepositoryConfigurationExtensionSupport : Spring Data Elasticsearch - Could not safely identify store assignment for repository candidate interface com.example.gradletext.repository.AuthorityRepository.
2019-09-06 23:42:58.580  INFO 22112 --- [    Test worker] .RepositoryConfigurationExtensionSupport : Spring Data Elasticsearch - Could not safely identify store assignment for repository candidate interface com.example.gradletext.repository.BlogRepository.
2019-09-06 23:42:58.582  INFO 22112 --- [    Test worker] .RepositoryConfigurationExtensionSupport : Spring Data Elasticsearch - Could not safely identify store assignment for repository candidate interface com.example.gradletext.repository.CataLogRepository.
2019-09-06 23:42:58.584  INFO 22112 --- [    Test worker] .RepositoryConfigurationExtensionSupport : Spring Data Elasticsearch - Could not safely identify store assignment for repository candidate interface com.example.gradletext.repository.CommentRepository.
2019-09-06 23:42:58.587  INFO 22112 --- [    Test worker] .RepositoryConfigurationExtensionSupport : Spring Data Elasticsearch - Could not safely identify store assignment for repository candidate interface com.example.gradletext.repository.UserRepository.
2019-09-06 23:42:58.589  INFO 22112 --- [    Test worker] .RepositoryConfigurationExtensionSupport : Spring Data Elasticsearch - Could not safely identify store assignment for repository candidate interface com.example.gradletext.repository.VoteRepository.
2019-09-06 23:42:58.621  INFO 22112 --- [    Test worker] .s.d.r.c.RepositoryConfigurationDelegate : Finished Spring Data repository scanning in 93ms. Found 1 repository interfaces.
2019-09-06 23:42:58.630  INFO 22112 --- [    Test worker] .s.d.r.c.RepositoryConfigurationDelegate : Multiple Spring Data modules found, entering strict repository configuration mode!
2019-09-06 23:42:58.631  INFO 22112 --- [    Test worker] .s.d.r.c.RepositoryConfigurationDelegate : Bootstrapping Spring Data repositories in DEFAULT mode.
2019-09-06 23:42:58.661  INFO 22112 --- [    Test worker] .RepositoryConfigurationExtensionSupport : Spring Data JPA - Could not safely identify store assignment for repository candidate interface com.example.gradletext.repository.es.EsBlogRepository.
2019-09-06 23:42:58.671  INFO 22112 --- [    Test worker] .s.d.r.c.RepositoryConfigurationDelegate : Finished Spring Data repository scanning in 37ms. Found 6 repository interfaces.
2019-09-06 23:42:59.150  INFO 22112 --- [    Test worker] trationDelegate$BeanPostProcessorChecker : Bean 'org.springframework.transaction.annotation.ProxyTransactionManagementConfiguration' of type [org.springframework.transaction.annotation.ProxyTransactionManagementConfiguration$$EnhancerBySpringCGLIB$$16b45a00] is not eligible for getting processed by all BeanPostProcessors (for example: not eligible for auto-proxying)
2019-09-06 23:42:59.207  INFO 22112 --- [    Test worker] trationDelegate$BeanPostProcessorChecker : Bean 'org.springframework.security.config.annotation.configuration.ObjectPostProcessorConfiguration' of type [org.springframework.security.config.annotation.configuration.ObjectPostProcessorConfiguration$$EnhancerBySpringCGLIB$$af62223a] is not eligible for getting processed by all BeanPostProcessors (for example: not eligible for auto-proxying)
2019-09-06 23:42:59.214  INFO 22112 --- [    Test worker] trationDelegate$BeanPostProcessorChecker : Bean 'objectPostProcessor' of type [org.springframework.security.config.annotation.configuration.AutowireBeanFactoryObjectPostProcessor] is not eligible for getting processed by all BeanPostProcessors (for example: not eligible for auto-proxying)
2019-09-06 23:42:59.216  INFO 22112 --- [    Test worker] trationDelegate$BeanPostProcessorChecker : Bean 'org.springframework.security.access.expression.method.DefaultMethodSecurityExpressionHandler@1e0ca238' of type [org.springframework.security.access.expression.method.DefaultMethodSecurityExpressionHandler] is not eligible for getting processed by all BeanPostProcessors (for example: not eligible for auto-proxying)
2019-09-06 23:42:59.221  INFO 22112 --- [    Test worker] trationDelegate$BeanPostProcessorChecker : Bean 'org.springframework.security.config.annotation.method.configuration.GlobalMethodSecurityConfiguration' of type [org.springframework.security.config.annotation.method.configuration.GlobalMethodSecurityConfiguration$$EnhancerBySpringCGLIB$$d436c4ec] is not eligible for getting processed by all BeanPostProcessors (for example: not eligible for auto-proxying)
2019-09-06 23:42:59.226  INFO 22112 --- [    Test worker] trationDelegate$BeanPostProcessorChecker : Bean 'methodSecurityMetadataSource' of type [org.springframework.security.access.method.DelegatingMethodSecurityMetadataSource] is not eligible for getting processed by all BeanPostProcessors (for example: not eligible for auto-proxying)
2019-09-06 23:42:59.495  INFO 22112 --- [    Test worker] com.zaxxer.hikari.HikariDataSource       : HikariPool-1 - Starting...
2019-09-06 23:43:00.873  INFO 22112 --- [    Test worker] com.zaxxer.hikari.HikariDataSource       : HikariPool-1 - Start completed.
2019-09-06 23:43:00.941  INFO 22112 --- [    Test worker] o.hibernate.jpa.internal.util.LogHelper  : HHH000204: Processing PersistenceUnitInfo [
	name: default
	...]
2019-09-06 23:43:01.014  INFO 22112 --- [    Test worker] org.hibernate.Version                    : HHH000412: Hibernate Core {5.3.9.Final}
2019-09-06 23:43:01.016  INFO 22112 --- [    Test worker] org.hibernate.cfg.Environment            : HHH000206: hibernate.properties not found
2019-09-06 23:43:01.177  INFO 22112 --- [    Test worker] o.hibernate.annotations.common.Version   : HCANN000001: Hibernate Commons Annotations {5.0.4.Final}
2019-09-06 23:43:01.314  INFO 22112 --- [    Test worker] org.hibernate.dialect.Dialect            : HHH000400: Using dialect: org.hibernate.dialect.MySQL5Dialect
Hibernate: alter table blog add constraint FKefps36p8dyf3t7yjmic1v0jcs foreign key (catalog_id) references catalog (id)
Hibernate: alter table blog add constraint FKpxk2jtysqn41oop7lvxcp6dqq foreign key (user_id) references user (id)
Hibernate: alter table blog_comment add constraint FKc4ysudanwhfrrhytio0272sx9 foreign key (comment_id) references comment (id)
Hibernate: alter table blog_comment add constraint FKb9cpog8ie2cyapsyyt7gikpbl foreign key (blog_id) references blog (id)
Hibernate: alter table blog_vote add constraint FK4bkj28o189fk8jic0snsjfj2h foreign key (vote_id) references vote (id)
Hibernate: alter table blog_vote add constraint FKaar8kqti49vaol2nw9e42lgxc foreign key (blog_id) references blog (id)
Hibernate: alter table catalog add constraint FKk3mprwb52pe5lfv3l2xpmwj8s foreign key (user_id) references user (id)
Hibernate: alter table comment add constraint FK8kcum44fvpupyw6f5baccx25c foreign key (user_id) references user (id)
Hibernate: alter table user_authority add constraint FKgvxjs381k6f48d5d2yi11uh89 foreign key (authority_id) references authority (id)
Hibernate: alter table user_authority add constraint FKpqlsjpkybgos9w2svcri7j8xy foreign key (user_id) references user (id)
Hibernate: alter table vote add constraint FKcsaksoe2iepaj8birrmithwve foreign key (user_id) references user (id)
2019-09-06 23:43:10.204  INFO 22112 --- [    Test worker] j.LocalContainerEntityManagerFactoryBean : Initialized JPA EntityManagerFactory for persistence unit 'default'
2019-09-06 23:43:11.298  INFO 22112 --- [    Test worker] o.elasticsearch.plugins.PluginsService   : no modules loaded
2019-09-06 23:43:11.299  INFO 22112 --- [    Test worker] o.elasticsearch.plugins.PluginsService   : loaded plugin [org.elasticsearch.index.reindex.ReindexPlugin]
2019-09-06 23:43:11.299  INFO 22112 --- [    Test worker] o.elasticsearch.plugins.PluginsService   : loaded plugin [org.elasticsearch.join.ParentJoinPlugin]
2019-09-06 23:43:11.299  INFO 22112 --- [    Test worker] o.elasticsearch.plugins.PluginsService   : loaded plugin [org.elasticsearch.percolator.PercolatorPlugin]
2019-09-06 23:43:11.299  INFO 22112 --- [    Test worker] o.elasticsearch.plugins.PluginsService   : loaded plugin [org.elasticsearch.script.mustache.MustachePlugin]
2019-09-06 23:43:11.300  INFO 22112 --- [    Test worker] o.elasticsearch.plugins.PluginsService   : loaded plugin [org.elasticsearch.transport.Netty4Plugin]
2019-09-06 23:43:12.476  INFO 22112 --- [    Test worker] o.s.d.e.c.TransportClientFactoryBean     : Adding transport node : 106.12.114.193:9300
2019-09-06 23:43:13.654 ERROR 22112 --- [    Test worker] .d.e.r.s.AbstractElasticsearchRepository : failed to load elasticsearch nodes : org.elasticsearch.index.mapper.MapperParsingException: No type specified for field [blogId]
2019-09-06 23:43:14.071  INFO 22112 --- [    Test worker] o.s.s.web.DefaultSecurityFilterChain     : Creating filter chain: any request, [org.springframework.security.web.context.request.async.WebAsyncManagerIntegrationFilter@12af9ec0, org.springframework.security.web.context.SecurityContextPersistenceFilter@a574cbd, org.springframework.security.web.header.HeaderWriterFilter@43c0b81f, org.springframework.security.web.csrf.CsrfFilter@5eab0b44, org.springframework.security.web.authentication.logout.LogoutFilter@1239c0c0, org.springframework.security.web.authentication.UsernamePasswordAuthenticationFilter@3ca2e623, org.springframework.security.web.savedrequest.RequestCacheAwareFilter@6a9f2d9a, org.springframework.security.web.servletapi.SecurityContextHolderAwareRequestFilter@2c4b6b5e, org.springframework.security.web.authentication.rememberme.RememberMeAuthenticationFilter@7ff83d80, org.springframework.security.web.authentication.AnonymousAuthenticationFilter@6eeb6d24, org.springframework.security.web.session.SessionManagementFilter@86631ca, org.springframework.security.web.access.ExceptionTranslationFilter@39e928b0, org.springframework.security.web.access.intercept.FilterSecurityInterceptor@28eb7202]
2019-09-06 23:43:14.687  INFO 22112 --- [    Test worker] o.s.s.concurrent.ThreadPoolTaskExecutor  : Initializing ExecutorService 'applicationTaskExecutor'
2019-09-06 23:43:14.754  WARN 22112 --- [    Test worker] aWebConfiguration$JpaWebMvcConfiguration : spring.jpa.open-in-view is enabled by default. Therefore, database queries may be performed during view rendering. Explicitly configure spring.jpa.open-in-view to disable this warning
2019-09-06 23:43:14.927  WARN 22112 --- [    Test worker] org.thymeleaf.templatemode.TemplateMode  : [THYMELEAF][Test worker] Template Mode 'LEGACYHTML5' is deprecated. Using Template Mode 'HTML' instead.
2019-09-06 23:43:14.992  INFO 22112 --- [    Test worker] o.s.b.a.w.s.WelcomePageHandlerMapping    : Adding welcome page template: index
2019-09-06 23:43:15.462  INFO 22112 --- [    Test worker] c.e.g.GradletextApplicationTests         : Started GradletextApplicationTests in 17.91 seconds (JVM running for 19.061)
]]></system-out>
  <system-err><![CDATA[]]></system-err>
</testsuite>
